cat "options.tmpout"

COMP: "/usr/bin/g++     -std=c++03 -m64 -c -o options.o -DSPEC -DNDEBUG  -DAPP_NO_THREADS -DXALAN_INMEM_MSG_LOADER -I. -Ixercesc -Ixercesc/dom -Ixercesc/dom/impl -Ixercesc/sax -Ixercesc/util/MsgLoaders/InMemory -Ixercesc/util/Transcoders/Iconv -Ixalanc/include -DPROJ_XMLPARSER -DPROJ_XMLUTIL -DPROJ_PARSERS -DPROJ_SAX4C -DPROJ_SAX2 -DPROJ_DOM -DPROJ_VALIDATORS -DXML_USE_INMEM_MESSAGELOADER -g    -DSPEC_LINUX   -fopenmp -DSPEC_OPENMP  -DSPEC_LP64  <source>"
C: CXXC="/usr/bin/g++     -std=c++03 -m64"
C: CXXOBJOPT="-c -o options"
P: CPUFLAGS="-DSPEC -DNDEBUG"
P: BENCH_FLAGS=""
P: BENCH_CXXFLAGS="-DAPP_NO_THREADS -DXALAN_INMEM_MSG_LOADER -I. -Ixercesc -Ixercesc/dom -Ixercesc/dom/impl -Ixercesc/sax -Ixercesc/util/MsgLoaders/InMemory -Ixercesc/util/Transcoders/Iconv -Ixalanc/include -DPROJ_XMLPARSER -DPROJ_XMLUTIL -DPROJ_PARSERS -DPROJ_SAX4C -DPROJ_SAX2 -DPROJ_DOM -DPROJ_VALIDATORS -DXML_USE_INMEM_MESSAGELOADER"
O: OPTIMIZE="-g"
O: CXXOPTIMIZE=""
P: PORTABILITY="-DSPEC_LINUX"
P: CXXPORTABILITY=""
O: EXTRA_CXXFLAGS=""
O: EXTRA_OPTIMIZE="-fopenmp -DSPEC_OPENMP"
O: EXTRA_CXXOPTIMIZE=""
P: EXTRA_PORTABILITY="-DSPEC_LP64"
P: EXTRA_CXXPORTABILITY=""
LINK: "/usr/bin/g++     -std=c++03 -m64      -g     -DSPEC_LINUX   -fopenmp -DSPEC_OPENMP  <objects>            -o options  "
C: LD="/usr/bin/g++     -std=c++03 -m64"
O: OPTIMIZE="-g"
P: PORTABILITY="-DSPEC_LINUX"
O: EXTRA_OPTIMIZE="-fopenmp -DSPEC_OPENMP"
C: LDOUT="-o options"
rm -rf options.tmpout
